#  Licensed under the Apache License, Version 2.0 (the "License"); you may
#  not use this file except in compliance with the License. You may obtain
#  a copy of the License at
#
#       http://www.apache.org/licenses/LICENSE-2.0
#
#  Unless required by applicable law or agreed to in writing, software
#  distributed under the License is distributed on an "AS IS" BASIS, WITHOUT
#  WARRANTIES OR CONDITIONS OF ANY KIND, either express or implied. See the
#  License for the specific language governing permissions and limitations
#  under the License.

Images:
- Name: 'debian-8-m-agent-chef-puppet'
  Hash: '70aa6993c13c474bbf2939ae1b14acd7'
  Meta:
    title: 'Debian 8 x64 (pre-installed murano-agent chef puppet)'
    type: 'linux'
  DiskFormat: 'qcow2'
  ContainerFormat: 'bare'
  Url: 'http://murano-files.mirantis.com/debian-8-pupchef.qcow2'
